<?xml version="1.0" encoding="UTF-8"?>
<testng-results ignored="0" total="1" passed="1" failed="0" skipped="0">
  <reporter-output>
  </reporter-output>
  <suite started-at="2022-01-30T04:34:51 WIB" name="Default suite" finished-at="2022-01-30T04:39:15 WIB" duration-ms="264132">
    <groups>
    </groups>
    <test started-at="2022-01-30T04:34:51 WIB" name="Default test" finished-at="2022-01-30T04:39:15 WIB" duration-ms="264132">
      <class name="testAplikasiStaff.run.Gabungan">
        <test-method is-config="true" signature="reportSetup()[pri:0, instance:testAplikasiStaff.run.Gabungan@2145b572]" started-at="2022-01-30T04:34:51 WIB" name="reportSetup" finished-at="2022-01-30T04:34:51 WIB" duration-ms="210" status="PASS">
          <reporter-output>
          </reporter-output>
        </test-method> <!-- reportSetup -->
        <test-method is-config="true" signature="initializeObjects()[pri:0, instance:testAplikasiStaff.run.Gabungan@2145b572]" started-at="2022-01-30T04:34:51 WIB" name="initializeObjects" finished-at="2022-01-30T04:35:01 WIB" duration-ms="9706" status="PASS">
          <reporter-output>
          </reporter-output>
        </test-method> <!-- initializeObjects -->
        <test-method signature="modulGabungan()[pri:0, instance:testAplikasiStaff.run.Gabungan@2145b572]" started-at="2022-01-30T04:35:01 WIB" name="modulGabungan" finished-at="2022-01-30T04:39:15 WIB" duration-ms="254381" status="PASS">
          <reporter-output>
          </reporter-output>
        </test-method> <!-- modulGabungan -->
        <test-method is-config="true" signature="reportTeardown()[pri:0, instance:testAplikasiStaff.run.Gabungan@2145b572]" started-at="2022-01-30T04:39:15 WIB" name="reportTeardown" finished-at="2022-01-30T04:39:15 WIB" duration-ms="424" status="PASS">
          <reporter-output>
          </reporter-output>
        </test-method> <!-- reportTeardown -->
      </class> <!-- testAplikasiStaff.run.Gabungan -->
    </test> <!-- Default test -->
  </suite> <!-- Default suite -->
</testng-results>
